{
  "RSpec": {
    "coverage": {
      "/Users/macosx/Databases/Development/Other/Continuos Integration Workflow/continuous-integration-workflow/app/helpers/application_helper.rb": [
        1,
        1,
        0,
        0,
        0,
        0,
        0,
        null,
        null,
        null
      ],
      "/Users/macosx/Databases/Development/Other/Continuos Integration Workflow/continuous-integration-workflow/app/controllers/application_controller.rb": [
        0,
        0,
        0,
        0,
        0
      ],
      "/Users/macosx/Databases/Development/Other/Continuos Integration Workflow/continuous-integration-workflow/app/controllers/authors_controller.rb": [
        0,
        0,
        0,
        0,
        0,
        0,
        0,
        0,
        0,
        0,
        0,
        0,
        0,
        0,
        0,
        0,
        0,
        0,
        0,
        0,
        0,
        0,
        0,
        0,
        0,
        0,
        0,
        0,
        0,
        0,
        0,
        0
      ],
      "/Users/macosx/Databases/Development/Other/Continuos Integration Workflow/continuous-integration-workflow/app/controllers/books_controller.rb": [
        0,
        0,
        0,
        0,
        0,
        0,
        0,
        0,
        0,
        0,
        0,
        0,
        0,
        0,
        0,
        0,
        0,
        0,
        0,
        0,
        0,
        0,
        0,
        0,
        0,
        0,
        0,
        0,
        0,
        0,
        0,
        0,
        0,
        0,
        0,
        0,
        0,
        0,
        0,
        0,
        0,
        0,
        0,
        0,
        0,
        0,
        0,
        0
      ],
      "/Users/macosx/Databases/Development/Other/Continuos Integration Workflow/continuous-integration-workflow/app/controllers/dashboard_controller.rb": [
        0,
        0,
        0,
        0
      ],
      "/Users/macosx/Databases/Development/Other/Continuos Integration Workflow/continuous-integration-workflow/app/controllers/publishers_controller.rb": [
        0,
        0,
        0,
        0,
        0,
        0,
        0,
        0,
        0,
        0,
        0,
        0,
        0,
        0,
        0,
        0,
        0,
        0,
        0,
        0,
        0,
        0,
        0,
        0,
        0,
        0,
        0,
        0,
        0,
        0,
        0,
        0,
        0,
        0,
        0,
        0,
        0,
        0,
        0,
        0,
        0,
        0,
        0,
        0,
        0,
        0,
        0
      ],
      "/Users/macosx/Databases/Development/Other/Continuos Integration Workflow/continuous-integration-workflow/app/models/author.rb": [
        0,
        0,
        0,
        0,
        0,
        0
      ],
      "/Users/macosx/Databases/Development/Other/Continuos Integration Workflow/continuous-integration-workflow/app/models/author_book.rb": [
        0,
        0,
        0,
        0
      ],
      "/Users/macosx/Databases/Development/Other/Continuos Integration Workflow/continuous-integration-workflow/app/models/book.rb": [
        0,
        0,
        0,
        0,
        0,
        0,
        0,
        0,
        0,
        0,
        0,
        0,
        0,
        0,
        0
      ],
      "/Users/macosx/Databases/Development/Other/Continuos Integration Workflow/continuous-integration-workflow/app/models/publisher.rb": [
        0,
        0,
        0,
        0,
        0
      ]
    },
    "timestamp": 1458844642
  }
}
